2026-01-16 00:59:14,622 [trainer.py] => config: exps/10,10_imagenet100.json
2026-01-16 00:59:14,622 [trainer.py] => dataset: imagenet100
2026-01-16 00:59:14,622 [trainer.py] => shuffle: True
2026-01-16 00:59:14,623 [trainer.py] => init_cls: 10
2026-01-16 00:59:14,623 [trainer.py] => increment: 10
2026-01-16 00:59:14,623 [trainer.py] => device: [device(type='cuda', index=0)]
2026-01-16 00:59:14,623 [trainer.py] => sim: 1
2026-01-16 00:59:14,626 [trainer.py] => epochs: 31
2026-01-16 00:59:14,629 [trainer.py] => lr: 0.01
2026-01-16 00:59:14,635 [trainer.py] => FB_epoch: 51
2026-01-16 00:59:14,635 [trainer.py] => FB_epoch_inc: 31
2026-01-16 00:59:14,636 [trainer.py] => FB_lr_init: 0.0008
2026-01-16 00:59:14,636 [trainer.py] => FB_lr_inc: 0.0008
2026-01-16 00:59:14,636 [trainer.py] => pool: 10
2026-01-16 00:59:14,636 [trainer.py] => sg_num: 1
2026-01-16 00:59:14,636 [trainer.py] => gamma: 0.1
2026-01-16 00:59:14,637 [trainer.py] => milestones: [30, 40, 50]
2026-01-16 00:59:14,637 [trainer.py] => prefix: continual-CLIP-IN100
2026-01-16 00:59:14,637 [trainer.py] => model_name: combined_learner
2026-01-16 00:59:14,637 [trainer.py] => model_size: ViT-B/16
2026-01-16 00:59:14,637 [trainer.py] => convnet_type: none
2026-01-16 00:59:14,637 [trainer.py] => seed: 1993
2026-01-16 00:59:14,637 [trainer.py] => batch_size: 64
2026-01-16 00:59:14,638 [trainer.py] => num_workers: 8
2026-01-16 00:59:14,638 [trainer.py] => model_type: clip
2026-01-16 00:59:14,638 [trainer.py] => division_power: 5
2026-01-16 00:59:14,642 [trainer.py] => linear_model: ['linear', 'bn', 'linear']
2026-01-16 00:59:14,649 [trainer.py] => score_model: ['bn', 'linear']
2026-01-16 00:59:14,650 [trainer.py] => regularizer: mahalanobis
2026-01-16 00:59:14,650 [trainer.py] => print_freq: 10
2026-01-16 00:59:14,650 [trainer.py] => memory_size: 0
2026-01-16 00:59:14,650 [trainer.py] => k: 10
2026-01-16 00:59:14,651 [trainer.py] => sim_coeff: 1.0
2026-01-16 00:59:14,651 [trainer.py] => sparse_coeff: 0.001
2026-01-16 00:59:14,651 [trainer.py] => repeat: False
2026-01-16 00:59:14,651 [trainer.py] => interpolation_ratio: 0.3
2026-01-16 00:59:14,651 [trainer.py] => num_archetypes: 4
2026-01-16 00:59:14,651 [trainer.py] => augment: 0
2026-01-16 02:04:49,248 [trainer.py] => config: exps/10,10_imagenet100.json
2026-01-16 02:04:49,251 [trainer.py] => dataset: imagenet100
2026-01-16 02:04:49,252 [trainer.py] => shuffle: True
2026-01-16 02:04:49,252 [trainer.py] => init_cls: 10
2026-01-16 02:04:49,252 [trainer.py] => increment: 10
2026-01-16 02:04:49,252 [trainer.py] => device: [device(type='cuda', index=0)]
2026-01-16 02:04:49,252 [trainer.py] => sim: 1
2026-01-16 02:04:49,252 [trainer.py] => epochs: 31
2026-01-16 02:04:49,252 [trainer.py] => lr: 0.01
2026-01-16 02:04:49,255 [trainer.py] => FB_epoch: 51
2026-01-16 02:04:49,255 [trainer.py] => FB_epoch_inc: 31
2026-01-16 02:04:49,255 [trainer.py] => FB_lr_init: 0.0008
2026-01-16 02:04:49,255 [trainer.py] => FB_lr_inc: 0.0008
2026-01-16 02:04:49,255 [trainer.py] => pool: 10
2026-01-16 02:04:49,256 [trainer.py] => sg_num: 1
2026-01-16 02:04:49,256 [trainer.py] => gamma: 0.1
2026-01-16 02:04:49,256 [trainer.py] => milestones: [30, 40, 50]
2026-01-16 02:04:49,256 [trainer.py] => prefix: continual-CLIP-IN100
2026-01-16 02:04:49,256 [trainer.py] => model_name: combined_learner
2026-01-16 02:04:49,256 [trainer.py] => model_size: ViT-B/16
2026-01-16 02:04:49,256 [trainer.py] => convnet_type: none
2026-01-16 02:04:49,256 [trainer.py] => seed: 1993
2026-01-16 02:04:49,256 [trainer.py] => batch_size: 64
2026-01-16 02:04:49,257 [trainer.py] => num_workers: 8
2026-01-16 02:04:49,257 [trainer.py] => model_type: clip
2026-01-16 02:04:49,257 [trainer.py] => division_power: 5
2026-01-16 02:04:49,258 [trainer.py] => linear_model: ['linear', 'bn', 'linear']
2026-01-16 02:04:49,260 [trainer.py] => score_model: ['bn', 'linear']
2026-01-16 02:04:49,260 [trainer.py] => regularizer: mahalanobis
2026-01-16 02:04:49,260 [trainer.py] => print_freq: 10
2026-01-16 02:04:49,261 [trainer.py] => memory_size: 0
2026-01-16 02:04:49,261 [trainer.py] => k: 10
2026-01-16 02:04:49,261 [trainer.py] => sim_coeff: 1.0
2026-01-16 02:04:49,261 [trainer.py] => sparse_coeff: 0.001
2026-01-16 02:04:49,261 [trainer.py] => repeat: False
2026-01-16 02:04:49,261 [trainer.py] => interpolation_ratio: 0.3
2026-01-16 02:04:49,261 [trainer.py] => num_archetypes: 4
2026-01-16 02:04:49,261 [trainer.py] => augment: 0
2026-01-16 02:05:34,938 [trainer.py] => config: exps/10,10_imagenet100.json
2026-01-16 02:05:34,943 [trainer.py] => dataset: imagenet100
2026-01-16 02:05:34,943 [trainer.py] => shuffle: True
2026-01-16 02:05:34,943 [trainer.py] => init_cls: 10
2026-01-16 02:05:34,943 [trainer.py] => increment: 10
2026-01-16 02:05:34,943 [trainer.py] => device: [device(type='cuda', index=0)]
2026-01-16 02:05:34,944 [trainer.py] => sim: 1
2026-01-16 02:05:34,947 [trainer.py] => epochs: 31
2026-01-16 02:05:34,947 [trainer.py] => lr: 0.01
2026-01-16 02:05:34,947 [trainer.py] => FB_epoch: 51
2026-01-16 02:05:34,947 [trainer.py] => FB_epoch_inc: 31
2026-01-16 02:05:34,948 [trainer.py] => FB_lr_init: 0.0008
2026-01-16 02:05:34,951 [trainer.py] => FB_lr_inc: 0.0008
2026-01-16 02:05:34,951 [trainer.py] => pool: 10
2026-01-16 02:05:34,951 [trainer.py] => sg_num: 1
2026-01-16 02:05:34,952 [trainer.py] => gamma: 0.1
2026-01-16 02:05:34,952 [trainer.py] => milestones: [30, 40, 50]
2026-01-16 02:05:34,952 [trainer.py] => prefix: continual-CLIP-IN100
2026-01-16 02:05:34,952 [trainer.py] => model_name: combined_learner
2026-01-16 02:05:34,952 [trainer.py] => model_size: ViT-B/16
2026-01-16 02:05:34,952 [trainer.py] => convnet_type: none
2026-01-16 02:05:34,952 [trainer.py] => seed: 1993
2026-01-16 02:05:34,953 [trainer.py] => batch_size: 64
2026-01-16 02:05:34,953 [trainer.py] => num_workers: 8
2026-01-16 02:05:34,953 [trainer.py] => model_type: clip
2026-01-16 02:05:34,953 [trainer.py] => division_power: 5
2026-01-16 02:05:34,953 [trainer.py] => linear_model: ['linear', 'bn', 'linear']
2026-01-16 02:05:34,953 [trainer.py] => score_model: ['bn', 'linear']
2026-01-16 02:05:34,953 [trainer.py] => regularizer: mahalanobis
2026-01-16 02:05:34,953 [trainer.py] => print_freq: 10
2026-01-16 02:05:34,954 [trainer.py] => memory_size: 0
2026-01-16 02:05:34,954 [trainer.py] => k: 10
2026-01-16 02:05:34,954 [trainer.py] => sim_coeff: 1.0
2026-01-16 02:05:34,954 [trainer.py] => sparse_coeff: 0.001
2026-01-16 02:05:34,954 [trainer.py] => repeat: False
2026-01-16 02:05:34,954 [trainer.py] => interpolation_ratio: 0.3
2026-01-16 02:05:34,955 [trainer.py] => num_archetypes: 4
2026-01-16 02:05:34,955 [trainer.py] => augment: 0
2026-01-16 02:06:33,473 [trainer.py] => config: exps/10,10_imagenet100.json
2026-01-16 02:06:33,473 [trainer.py] => dataset: imagenet100
2026-01-16 02:06:33,474 [trainer.py] => shuffle: True
2026-01-16 02:06:33,474 [trainer.py] => init_cls: 10
2026-01-16 02:06:33,474 [trainer.py] => increment: 10
2026-01-16 02:06:33,474 [trainer.py] => device: [device(type='cuda', index=0)]
2026-01-16 02:06:33,474 [trainer.py] => sim: 1
2026-01-16 02:06:33,474 [trainer.py] => epochs: 31
2026-01-16 02:06:33,478 [trainer.py] => lr: 0.01
2026-01-16 02:06:33,478 [trainer.py] => FB_epoch: 51
2026-01-16 02:06:33,479 [trainer.py] => FB_epoch_inc: 31
2026-01-16 02:06:33,479 [trainer.py] => FB_lr_init: 0.0008
2026-01-16 02:06:33,482 [trainer.py] => FB_lr_inc: 0.0008
2026-01-16 02:06:33,482 [trainer.py] => pool: 10
2026-01-16 02:06:33,482 [trainer.py] => sg_num: 1
2026-01-16 02:06:33,483 [trainer.py] => gamma: 0.1
2026-01-16 02:06:33,483 [trainer.py] => milestones: [30, 40, 50]
2026-01-16 02:06:33,483 [trainer.py] => prefix: continual-CLIP-IN100
2026-01-16 02:06:33,483 [trainer.py] => model_name: combined_learner
2026-01-16 02:06:33,483 [trainer.py] => model_size: ViT-B/16
2026-01-16 02:06:33,484 [trainer.py] => convnet_type: none
2026-01-16 02:06:33,484 [trainer.py] => seed: 1993
2026-01-16 02:06:33,484 [trainer.py] => batch_size: 64
2026-01-16 02:06:33,484 [trainer.py] => num_workers: 8
2026-01-16 02:06:33,484 [trainer.py] => model_type: clip
2026-01-16 02:06:33,485 [trainer.py] => division_power: 5
2026-01-16 02:06:33,485 [trainer.py] => linear_model: ['linear', 'bn', 'linear']
2026-01-16 02:06:33,485 [trainer.py] => score_model: ['bn', 'linear']
2026-01-16 02:06:33,485 [trainer.py] => regularizer: mahalanobis
2026-01-16 02:06:33,485 [trainer.py] => print_freq: 10
2026-01-16 02:06:33,485 [trainer.py] => memory_size: 0
2026-01-16 02:06:33,485 [trainer.py] => k: 10
2026-01-16 02:06:33,486 [trainer.py] => sim_coeff: 1.0
2026-01-16 02:06:33,486 [trainer.py] => sparse_coeff: 0.001
2026-01-16 02:06:33,487 [trainer.py] => repeat: False
2026-01-16 02:06:33,487 [trainer.py] => interpolation_ratio: 0.3
2026-01-16 02:06:33,487 [trainer.py] => num_archetypes: 4
2026-01-16 02:06:33,487 [trainer.py] => augment: 0
2026-01-16 02:06:35,603 [data_manager.py] => [68, 56, 78, 8, 23, 84, 90, 65, 74, 76, 40, 89, 3, 92, 55, 9, 26, 80, 43, 38, 58, 70, 77, 1, 85, 19, 17, 50, 28, 53, 13, 81, 45, 82, 6, 59, 83, 16, 15, 44, 91, 41, 72, 60, 79, 52, 20, 10, 31, 54, 37, 94, 14, 71, 95, 97, 96, 2, 64, 66, 42, 22, 35, 86, 24, 34, 87, 21, 98, 0, 88, 27, 18, 93, 11, 12, 47, 25, 30, 46, 62, 69, 36, 61, 7, 63, 75, 5, 32, 4, 51, 48, 73, 39, 67, 29, 49, 57, 33]
2026-01-16 02:12:00,825 [trainer.py] => config: exps/10,10_imagenet100.json
2026-01-16 02:12:00,825 [trainer.py] => dataset: imagenet100
2026-01-16 02:12:00,825 [trainer.py] => shuffle: True
2026-01-16 02:12:00,825 [trainer.py] => init_cls: 10
2026-01-16 02:12:00,826 [trainer.py] => increment: 10
2026-01-16 02:12:00,826 [trainer.py] => device: [device(type='cuda', index=0)]
2026-01-16 02:12:00,826 [trainer.py] => sim: 1
2026-01-16 02:12:00,830 [trainer.py] => epochs: 31
2026-01-16 02:12:00,830 [trainer.py] => lr: 0.01
2026-01-16 02:12:00,831 [trainer.py] => FB_epoch: 51
2026-01-16 02:12:00,831 [trainer.py] => FB_epoch_inc: 31
2026-01-16 02:12:00,831 [trainer.py] => FB_lr_init: 0.0008
2026-01-16 02:12:00,832 [trainer.py] => FB_lr_inc: 0.0008
2026-01-16 02:12:00,832 [trainer.py] => pool: 10
2026-01-16 02:12:00,832 [trainer.py] => sg_num: 1
2026-01-16 02:12:00,832 [trainer.py] => gamma: 0.1
2026-01-16 02:12:00,833 [trainer.py] => milestones: [30, 40, 50]
2026-01-16 02:12:00,833 [trainer.py] => prefix: continual-CLIP-IN100
2026-01-16 02:12:00,833 [trainer.py] => model_name: combined_learner
2026-01-16 02:12:00,837 [trainer.py] => model_size: ViT-B/16
2026-01-16 02:12:00,837 [trainer.py] => convnet_type: none
2026-01-16 02:12:00,837 [trainer.py] => seed: 1993
2026-01-16 02:12:00,838 [trainer.py] => batch_size: 64
2026-01-16 02:12:00,838 [trainer.py] => num_workers: 8
2026-01-16 02:12:00,838 [trainer.py] => model_type: clip
2026-01-16 02:12:00,839 [trainer.py] => division_power: 5
2026-01-16 02:12:00,839 [trainer.py] => linear_model: ['linear', 'bn', 'linear']
2026-01-16 02:12:00,839 [trainer.py] => score_model: ['bn', 'linear']
2026-01-16 02:12:00,839 [trainer.py] => regularizer: mahalanobis
2026-01-16 02:12:00,839 [trainer.py] => print_freq: 10
2026-01-16 02:12:00,839 [trainer.py] => memory_size: 0
2026-01-16 02:12:00,839 [trainer.py] => k: 10
2026-01-16 02:12:00,839 [trainer.py] => sim_coeff: 1.0
2026-01-16 02:12:00,839 [trainer.py] => sparse_coeff: 0.001
2026-01-16 02:12:00,839 [trainer.py] => repeat: False
2026-01-16 02:12:00,839 [trainer.py] => interpolation_ratio: 0.3
2026-01-16 02:12:00,840 [trainer.py] => num_archetypes: 4
2026-01-16 02:12:00,840 [trainer.py] => augment: 0
2026-01-16 02:12:02,867 [data_manager.py] => [68, 56, 78, 8, 23, 84, 90, 65, 74, 76, 40, 89, 3, 92, 55, 9, 26, 80, 43, 38, 58, 70, 77, 1, 85, 19, 17, 50, 28, 53, 13, 81, 45, 82, 6, 59, 83, 16, 15, 44, 91, 41, 72, 60, 79, 52, 20, 10, 31, 54, 37, 94, 14, 71, 95, 97, 96, 2, 64, 66, 42, 22, 35, 86, 24, 34, 87, 21, 98, 0, 88, 27, 18, 93, 11, 12, 47, 25, 30, 46, 62, 69, 36, 61, 7, 63, 75, 5, 32, 4, 51, 48, 73, 39, 67, 29, 49, 57, 33]
2026-01-16 10:57:50,118 [trainer.py] => config: exps/10,10_imagenet100.json
2026-01-16 10:57:50,119 [trainer.py] => dataset: imagenet100
2026-01-16 10:57:50,119 [trainer.py] => shuffle: True
2026-01-16 10:57:50,120 [trainer.py] => init_cls: 10
2026-01-16 10:57:50,120 [trainer.py] => increment: 10
2026-01-16 10:57:50,120 [trainer.py] => device: [device(type='cuda', index=0)]
2026-01-16 10:57:50,121 [trainer.py] => sim: 1
2026-01-16 10:57:50,121 [trainer.py] => epochs: 31
2026-01-16 10:57:50,121 [trainer.py] => lr: 0.01
2026-01-16 10:57:50,121 [trainer.py] => FB_epoch: 51
2026-01-16 10:57:50,121 [trainer.py] => FB_epoch_inc: 31
2026-01-16 10:57:50,121 [trainer.py] => FB_lr_init: 0.0008
2026-01-16 10:57:50,121 [trainer.py] => FB_lr_inc: 0.0008
2026-01-16 10:57:50,121 [trainer.py] => pool: 10
2026-01-16 10:57:50,122 [trainer.py] => sg_num: 1
2026-01-16 10:57:50,122 [trainer.py] => gamma: 0.1
2026-01-16 10:57:50,122 [trainer.py] => milestones: [30, 40, 50]
2026-01-16 10:57:50,122 [trainer.py] => prefix: continual-CLIP-IN100
2026-01-16 10:57:50,122 [trainer.py] => model_name: combined_learner
2026-01-16 10:57:50,122 [trainer.py] => model_size: ViT-B/16
2026-01-16 10:57:50,122 [trainer.py] => convnet_type: none
2026-01-16 10:57:50,122 [trainer.py] => seed: 1993
2026-01-16 10:57:50,123 [trainer.py] => batch_size: 64
2026-01-16 10:57:50,123 [trainer.py] => num_workers: 8
2026-01-16 10:57:50,123 [trainer.py] => model_type: clip
2026-01-16 10:57:50,123 [trainer.py] => division_power: 5
2026-01-16 10:57:50,123 [trainer.py] => linear_model: ['linear', 'bn', 'linear']
2026-01-16 10:57:50,123 [trainer.py] => score_model: ['bn', 'linear']
2026-01-16 10:57:50,124 [trainer.py] => regularizer: mahalanobis
2026-01-16 10:57:50,124 [trainer.py] => print_freq: 10
2026-01-16 10:57:50,124 [trainer.py] => memory_size: 0
2026-01-16 10:57:50,124 [trainer.py] => k: 10
2026-01-16 10:57:50,127 [trainer.py] => sim_coeff: 1.0
2026-01-16 10:57:50,127 [trainer.py] => sparse_coeff: 0.001
2026-01-16 10:57:50,127 [trainer.py] => repeat: False
2026-01-16 10:57:50,127 [trainer.py] => interpolation_ratio: 0.3
2026-01-16 10:57:50,128 [trainer.py] => num_archetypes: 4
2026-01-16 10:57:50,128 [trainer.py] => augment: 0
2026-01-16 10:57:52,399 [data_manager.py] => [13, 22, 8, 6, 10, 15, 23, 12, 14, 19, 21, 11, 5, 0, 18, 2, 4, 20, 9, 7, 16, 3, 24, 17, 1]
2026-01-16 10:59:25,333 [trainer.py] => config: exps/10,10_imagenet100.json
2026-01-16 10:59:25,333 [trainer.py] => dataset: imagenet100
2026-01-16 10:59:25,333 [trainer.py] => shuffle: True
2026-01-16 10:59:25,333 [trainer.py] => init_cls: 10
2026-01-16 10:59:25,333 [trainer.py] => increment: 10
2026-01-16 10:59:25,333 [trainer.py] => device: [device(type='cuda', index=0)]
2026-01-16 10:59:25,334 [trainer.py] => sim: 1
2026-01-16 10:59:25,336 [trainer.py] => epochs: 31
2026-01-16 10:59:25,337 [trainer.py] => lr: 0.01
2026-01-16 10:59:25,337 [trainer.py] => FB_epoch: 51
2026-01-16 10:59:25,337 [trainer.py] => FB_epoch_inc: 31
2026-01-16 10:59:25,337 [trainer.py] => FB_lr_init: 0.0008
2026-01-16 10:59:25,337 [trainer.py] => FB_lr_inc: 0.0008
2026-01-16 10:59:25,337 [trainer.py] => pool: 10
2026-01-16 10:59:25,338 [trainer.py] => sg_num: 1
2026-01-16 10:59:25,338 [trainer.py] => gamma: 0.1
2026-01-16 10:59:25,338 [trainer.py] => milestones: [30, 40, 50]
2026-01-16 10:59:25,338 [trainer.py] => prefix: continual-CLIP-IN100
2026-01-16 10:59:25,338 [trainer.py] => model_name: combined_learner
2026-01-16 10:59:25,340 [trainer.py] => model_size: ViT-B/16
2026-01-16 10:59:25,341 [trainer.py] => convnet_type: none
2026-01-16 10:59:25,341 [trainer.py] => seed: 1993
2026-01-16 10:59:25,341 [trainer.py] => batch_size: 64
2026-01-16 10:59:25,341 [trainer.py] => num_workers: 8
2026-01-16 10:59:25,341 [trainer.py] => model_type: clip
2026-01-16 10:59:25,341 [trainer.py] => division_power: 5
2026-01-16 10:59:25,341 [trainer.py] => linear_model: ['linear', 'bn', 'linear']
2026-01-16 10:59:25,341 [trainer.py] => score_model: ['bn', 'linear']
2026-01-16 10:59:25,342 [trainer.py] => regularizer: mahalanobis
2026-01-16 10:59:25,342 [trainer.py] => print_freq: 10
2026-01-16 10:59:25,342 [trainer.py] => memory_size: 0
2026-01-16 10:59:25,342 [trainer.py] => k: 10
2026-01-16 10:59:25,342 [trainer.py] => sim_coeff: 1.0
2026-01-16 10:59:25,342 [trainer.py] => sparse_coeff: 0.001
2026-01-16 10:59:25,342 [trainer.py] => repeat: False
2026-01-16 10:59:25,342 [trainer.py] => interpolation_ratio: 0.3
2026-01-16 10:59:25,342 [trainer.py] => num_archetypes: 4
2026-01-16 10:59:25,345 [trainer.py] => augment: 0
2026-01-16 10:59:27,945 [data_manager.py] => [68, 56, 78, 8, 23, 84, 90, 65, 74, 76, 40, 89, 3, 92, 55, 9, 26, 80, 43, 38, 58, 70, 77, 1, 85, 19, 17, 50, 28, 53, 13, 81, 45, 82, 6, 59, 83, 16, 15, 44, 91, 41, 72, 60, 79, 52, 20, 10, 31, 54, 37, 94, 14, 71, 95, 97, 96, 2, 64, 66, 42, 22, 35, 86, 24, 34, 87, 21, 98, 0, 88, 27, 18, 93, 11, 12, 47, 25, 30, 46, 62, 69, 36, 61, 7, 63, 75, 5, 32, 4, 51, 48, 73, 39, 67, 29, 49, 57, 33]
2026-01-16 11:02:32,392 [trainer.py] => config: exps/10,10_imagenet100.json
2026-01-16 11:02:32,392 [trainer.py] => dataset: imagenet100
2026-01-16 11:02:32,392 [trainer.py] => shuffle: True
2026-01-16 11:02:32,392 [trainer.py] => init_cls: 10
2026-01-16 11:02:32,392 [trainer.py] => increment: 10
2026-01-16 11:02:32,392 [trainer.py] => device: [device(type='cuda', index=0)]
2026-01-16 11:02:32,392 [trainer.py] => sim: 1
2026-01-16 11:02:32,392 [trainer.py] => epochs: 31
2026-01-16 11:02:32,392 [trainer.py] => lr: 0.01
2026-01-16 11:02:32,392 [trainer.py] => FB_epoch: 51
2026-01-16 11:02:32,393 [trainer.py] => FB_epoch_inc: 31
2026-01-16 11:02:32,393 [trainer.py] => FB_lr_init: 0.0008
2026-01-16 11:02:32,393 [trainer.py] => FB_lr_inc: 0.0008
2026-01-16 11:02:32,393 [trainer.py] => pool: 10
2026-01-16 11:02:32,393 [trainer.py] => sg_num: 1
2026-01-16 11:02:32,393 [trainer.py] => gamma: 0.1
2026-01-16 11:02:32,393 [trainer.py] => milestones: [30, 40, 50]
2026-01-16 11:02:32,393 [trainer.py] => prefix: continual-CLIP-IN100
2026-01-16 11:02:32,393 [trainer.py] => model_name: combined_learner
2026-01-16 11:02:32,393 [trainer.py] => model_size: ViT-B/16
2026-01-16 11:02:32,393 [trainer.py] => convnet_type: none
2026-01-16 11:02:32,393 [trainer.py] => seed: 1993
2026-01-16 11:02:32,393 [trainer.py] => batch_size: 64
2026-01-16 11:02:32,393 [trainer.py] => num_workers: 8
2026-01-16 11:02:32,393 [trainer.py] => model_type: clip
2026-01-16 11:02:32,393 [trainer.py] => division_power: 5
2026-01-16 11:02:32,393 [trainer.py] => linear_model: ['linear', 'bn', 'linear']
2026-01-16 11:02:32,394 [trainer.py] => score_model: ['bn', 'linear']
2026-01-16 11:02:32,394 [trainer.py] => regularizer: mahalanobis
2026-01-16 11:02:32,394 [trainer.py] => print_freq: 10
2026-01-16 11:02:32,396 [trainer.py] => memory_size: 0
2026-01-16 11:02:32,397 [trainer.py] => k: 10
2026-01-16 11:02:32,397 [trainer.py] => sim_coeff: 1.0
2026-01-16 11:02:32,397 [trainer.py] => sparse_coeff: 0.001
2026-01-16 11:02:32,397 [trainer.py] => repeat: False
2026-01-16 11:02:32,397 [trainer.py] => interpolation_ratio: 0.3
2026-01-16 11:02:32,397 [trainer.py] => num_archetypes: 4
2026-01-16 11:02:32,397 [trainer.py] => augment: 0
2026-01-16 11:53:12,578 [trainer.py] => config: exps/10,10_imagenet100.json
2026-01-16 11:53:12,579 [trainer.py] => dataset: imagenet100
2026-01-16 11:53:12,579 [trainer.py] => shuffle: True
2026-01-16 11:53:12,583 [trainer.py] => init_cls: 10
2026-01-16 11:53:12,584 [trainer.py] => increment: 10
2026-01-16 11:53:12,584 [trainer.py] => device: [device(type='cuda', index=0)]
2026-01-16 11:53:12,584 [trainer.py] => sim: 1
2026-01-16 11:53:12,585 [trainer.py] => epochs: 31
2026-01-16 11:53:12,585 [trainer.py] => lr: 0.01
2026-01-16 11:53:12,585 [trainer.py] => FB_epoch: 51
2026-01-16 11:53:12,586 [trainer.py] => FB_epoch_inc: 31
2026-01-16 11:53:12,589 [trainer.py] => FB_lr_init: 0.0008
2026-01-16 11:53:12,590 [trainer.py] => FB_lr_inc: 0.0008
2026-01-16 11:53:12,590 [trainer.py] => pool: 10
2026-01-16 11:53:12,590 [trainer.py] => sg_num: 1
2026-01-16 11:53:12,591 [trainer.py] => gamma: 0.1
2026-01-16 11:53:12,591 [trainer.py] => milestones: [30, 40, 50]
2026-01-16 11:53:12,591 [trainer.py] => prefix: continual-CLIP-IN100
2026-01-16 11:53:12,591 [trainer.py] => model_name: combined_learner
2026-01-16 11:53:12,591 [trainer.py] => model_size: ViT-B/16
2026-01-16 11:53:12,591 [trainer.py] => convnet_type: none
2026-01-16 11:53:12,592 [trainer.py] => seed: 1993
2026-01-16 11:53:12,592 [trainer.py] => batch_size: 64
2026-01-16 11:53:12,592 [trainer.py] => num_workers: 12
2026-01-16 11:53:12,592 [trainer.py] => model_type: clip
2026-01-16 11:53:12,592 [trainer.py] => division_power: 5
2026-01-16 11:53:12,592 [trainer.py] => linear_model: ['linear', 'bn', 'linear']
2026-01-16 11:53:12,592 [trainer.py] => score_model: ['bn', 'linear']
2026-01-16 11:53:12,592 [trainer.py] => regularizer: mahalanobis
2026-01-16 11:53:12,592 [trainer.py] => print_freq: 10
2026-01-16 11:53:12,593 [trainer.py] => memory_size: 0
2026-01-16 11:53:12,593 [trainer.py] => k: 10
2026-01-16 11:53:12,593 [trainer.py] => sim_coeff: 1.0
2026-01-16 11:53:12,593 [trainer.py] => sparse_coeff: 0.001
2026-01-16 11:53:12,593 [trainer.py] => repeat: False
2026-01-16 11:53:12,593 [trainer.py] => interpolation_ratio: 0.3
2026-01-16 11:53:12,593 [trainer.py] => num_archetypes: 4
2026-01-16 11:53:12,593 [trainer.py] => augment: 0
2026-01-16 11:53:15,211 [data_manager.py] => [68, 56, 78, 8, 23, 84, 90, 65, 74, 76, 40, 89, 3, 92, 55, 9, 26, 80, 43, 38, 58, 70, 77, 1, 85, 19, 17, 50, 28, 53, 13, 81, 45, 82, 6, 59, 83, 16, 15, 44, 91, 41, 72, 60, 79, 52, 20, 10, 31, 54, 37, 95, 14, 71, 96, 98, 97, 2, 64, 66, 42, 22, 35, 86, 24, 34, 87, 21, 99, 0, 88, 27, 18, 94, 11, 12, 47, 25, 30, 46, 62, 69, 36, 61, 7, 63, 75, 5, 32, 4, 51, 48, 73, 93, 39, 67, 29, 49, 57, 33]
2026-01-16 11:53:15,418 [SGC.py] => Learning on task 0 (10 new classes): 0-9
2026-01-16 11:53:15,422 [SGC.py] => Building prototypes and covariance for new classes...
2026-01-16 11:54:43,446 [SGC.py] => Part 1: Grouping new classes...
2026-01-16 11:55:56,131 [SGC.py] => Task has 10 classes. Using standard grouping strategy.
2026-01-16 11:55:56,131 [SGC.py] => Task size is even. Splitting into two groups via Max-Cut.
2026-01-16 11:55:56,134 [SGC.py] => Grouping complete. Current p2c map: {1: [0, 2, 3, 4, 7], 2: [1, 5, 6, 8, 9]}
2026-01-16 11:55:56,149 [SGC.py] => Building feature set using Balanced Strategy (Interpolation + Gaussian)...
2026-01-16 11:56:38,453 [SGC.py] => Starting model training. Training ALL 2 groups.
2026-01-16 11:56:38,455 [SGC.py] => Unfreezing components for ALL groups: [1, 2]
2026-01-16 11:57:33,255 [SGC.py] => Task: 0, Epoch: 1, Train Loss: 1.178853, Train Acc: 87.8769, Test Acc on New: 92.0000
2026-01-16 11:57:33,278 [SGC.py] => New best accuracy found: 92.00%
