2026-01-16 00:28:15,410 [trainer.py] => config: exps/10,10_imagenet-r.json
2026-01-16 00:28:15,410 [trainer.py] => dataset: imagenet-r
2026-01-16 00:28:15,410 [trainer.py] => shuffle: True
2026-01-16 00:28:15,410 [trainer.py] => init_cls: 10
2026-01-16 00:28:15,410 [trainer.py] => increment: 10
2026-01-16 00:28:15,421 [trainer.py] => device: [device(type='cuda', index=0)]
2026-01-16 00:28:15,421 [trainer.py] => sim: 1
2026-01-16 00:28:15,423 [trainer.py] => epochs: 31
2026-01-16 00:28:15,423 [trainer.py] => lr: 0.01
2026-01-16 00:28:15,423 [trainer.py] => FB_epoch: 51
2026-01-16 00:28:15,423 [trainer.py] => FB_epoch_inc: 31
2026-01-16 00:28:15,423 [trainer.py] => FB_lr_init: 0.0008
2026-01-16 00:28:15,423 [trainer.py] => FB_lr_inc: 0.0008
2026-01-16 00:28:15,423 [trainer.py] => pool: 10
2026-01-16 00:28:15,423 [trainer.py] => sg_num: 1
2026-01-16 00:28:15,423 [trainer.py] => gamma: 0.1
2026-01-16 00:28:15,423 [trainer.py] => milestones: [30, 40, 50]
2026-01-16 00:28:15,423 [trainer.py] => prefix: continual-CLIP-INR
2026-01-16 00:28:15,423 [trainer.py] => model_name: combined_learner
2026-01-16 00:28:15,423 [trainer.py] => model_size: ViT-B/16
2026-01-16 00:28:15,423 [trainer.py] => convnet_type: none
2026-01-16 00:28:15,423 [trainer.py] => seed: 1993
2026-01-16 00:28:15,426 [trainer.py] => batch_size: 64
2026-01-16 00:28:15,426 [trainer.py] => num_workers: 8
2026-01-16 00:28:15,426 [trainer.py] => model_type: clip
2026-01-16 00:28:15,426 [trainer.py] => division_power: 5
2026-01-16 00:28:15,430 [trainer.py] => linear_model: ['linear', 'bn', 'linear']
2026-01-16 00:28:15,430 [trainer.py] => score_model: ['bn', 'linear']
2026-01-16 00:28:15,430 [trainer.py] => regularizer: mahalanobis
2026-01-16 00:28:15,430 [trainer.py] => print_freq: 10
2026-01-16 00:28:15,430 [trainer.py] => memory_size: 0
2026-01-16 00:28:15,430 [trainer.py] => k: 10
2026-01-16 00:28:15,430 [trainer.py] => sim_coeff: 1.0
2026-01-16 00:28:15,430 [trainer.py] => sparse_coeff: 0.001
2026-01-16 00:28:15,430 [trainer.py] => repeat: False
2026-01-16 00:28:15,430 [trainer.py] => interpolation_ratio: 0.3
2026-01-16 00:28:15,430 [trainer.py] => num_archetypes: 4
2026-01-16 00:28:15,430 [trainer.py] => augment: 0
2026-01-16 00:29:51,636 [trainer.py] => config: exps/10,10_imagenet-r.json
2026-01-16 00:29:51,636 [trainer.py] => dataset: imagenet-r
2026-01-16 00:29:51,636 [trainer.py] => shuffle: True
2026-01-16 00:29:51,636 [trainer.py] => init_cls: 10
2026-01-16 00:29:51,636 [trainer.py] => increment: 10
2026-01-16 00:29:51,636 [trainer.py] => device: [device(type='cuda', index=0)]
2026-01-16 00:29:51,636 [trainer.py] => sim: 1
2026-01-16 00:29:51,644 [trainer.py] => epochs: 31
2026-01-16 00:29:51,644 [trainer.py] => lr: 0.01
2026-01-16 00:29:51,644 [trainer.py] => FB_epoch: 51
2026-01-16 00:29:51,644 [trainer.py] => FB_epoch_inc: 31
2026-01-16 00:29:51,644 [trainer.py] => FB_lr_init: 0.0008
2026-01-16 00:29:51,644 [trainer.py] => FB_lr_inc: 0.0008
2026-01-16 00:29:51,644 [trainer.py] => pool: 10
2026-01-16 00:29:51,644 [trainer.py] => sg_num: 1
2026-01-16 00:29:51,644 [trainer.py] => gamma: 0.1
2026-01-16 00:29:51,644 [trainer.py] => milestones: [30, 40, 50]
2026-01-16 00:29:51,644 [trainer.py] => prefix: continual-CLIP-INR
2026-01-16 00:29:51,644 [trainer.py] => model_name: combined_learner
2026-01-16 00:29:51,644 [trainer.py] => model_size: ViT-B/16
2026-01-16 00:29:51,644 [trainer.py] => convnet_type: none
2026-01-16 00:29:51,644 [trainer.py] => seed: 1993
2026-01-16 00:29:51,644 [trainer.py] => batch_size: 64
2026-01-16 00:29:51,644 [trainer.py] => num_workers: 8
2026-01-16 00:29:51,644 [trainer.py] => model_type: clip
2026-01-16 00:29:51,644 [trainer.py] => division_power: 5
2026-01-16 00:29:51,644 [trainer.py] => linear_model: ['linear', 'bn', 'linear']
2026-01-16 00:29:51,644 [trainer.py] => score_model: ['bn', 'linear']
2026-01-16 00:29:51,644 [trainer.py] => regularizer: mahalanobis
2026-01-16 00:29:51,644 [trainer.py] => print_freq: 10
2026-01-16 00:29:51,644 [trainer.py] => memory_size: 0
2026-01-16 00:29:51,648 [trainer.py] => k: 10
2026-01-16 00:29:51,648 [trainer.py] => sim_coeff: 1.0
2026-01-16 00:29:51,648 [trainer.py] => sparse_coeff: 0.001
2026-01-16 00:29:51,648 [trainer.py] => repeat: False
2026-01-16 00:29:51,648 [trainer.py] => interpolation_ratio: 0.3
2026-01-16 00:29:51,648 [trainer.py] => num_archetypes: 4
2026-01-16 00:29:51,648 [trainer.py] => augment: 0
2026-01-16 00:55:34,930 [trainer.py] => config: exps/10,10_imagenet-r.json
2026-01-16 00:55:34,930 [trainer.py] => dataset: imagenet-r
2026-01-16 00:55:34,930 [trainer.py] => shuffle: True
2026-01-16 00:55:34,931 [trainer.py] => init_cls: 10
2026-01-16 00:55:34,937 [trainer.py] => increment: 10
2026-01-16 00:55:34,938 [trainer.py] => device: [device(type='cuda', index=0)]
2026-01-16 00:55:34,938 [trainer.py] => sim: 1
2026-01-16 00:55:34,938 [trainer.py] => epochs: 31
2026-01-16 00:55:34,938 [trainer.py] => lr: 0.01
2026-01-16 00:55:34,938 [trainer.py] => FB_epoch: 51
2026-01-16 00:55:34,938 [trainer.py] => FB_epoch_inc: 31
2026-01-16 00:55:34,938 [trainer.py] => FB_lr_init: 0.0008
2026-01-16 00:55:34,939 [trainer.py] => FB_lr_inc: 0.0008
2026-01-16 00:55:34,939 [trainer.py] => pool: 10
2026-01-16 00:55:34,939 [trainer.py] => sg_num: 1
2026-01-16 00:55:34,939 [trainer.py] => gamma: 0.1
2026-01-16 00:55:34,939 [trainer.py] => milestones: [30, 40, 50]
2026-01-16 00:55:34,939 [trainer.py] => prefix: continual-CLIP-INR
2026-01-16 00:55:34,939 [trainer.py] => model_name: combined_learner
2026-01-16 00:55:34,939 [trainer.py] => model_size: ViT-B/16
2026-01-16 00:55:34,939 [trainer.py] => convnet_type: none
2026-01-16 00:55:34,939 [trainer.py] => seed: 1993
2026-01-16 00:55:34,940 [trainer.py] => batch_size: 64
2026-01-16 00:55:34,940 [trainer.py] => num_workers: 8
2026-01-16 00:55:34,941 [trainer.py] => model_type: clip
2026-01-16 00:55:34,941 [trainer.py] => division_power: 5
2026-01-16 00:55:34,941 [trainer.py] => linear_model: ['linear', 'bn', 'linear']
2026-01-16 00:55:34,941 [trainer.py] => score_model: ['bn', 'linear']
2026-01-16 00:55:34,941 [trainer.py] => regularizer: mahalanobis
2026-01-16 00:55:34,941 [trainer.py] => print_freq: 10
2026-01-16 00:55:34,942 [trainer.py] => memory_size: 0
2026-01-16 00:55:34,942 [trainer.py] => k: 10
2026-01-16 00:55:34,942 [trainer.py] => sim_coeff: 1.0
2026-01-16 00:55:34,942 [trainer.py] => sparse_coeff: 0.001
2026-01-16 00:55:34,942 [trainer.py] => repeat: False
2026-01-16 00:55:34,942 [trainer.py] => interpolation_ratio: 0.3
2026-01-16 00:55:34,942 [trainer.py] => num_archetypes: 4
2026-01-16 00:55:34,942 [trainer.py] => augment: 0
2026-01-16 01:31:20,858 [trainer.py] => config: exps/10,10_imagenet-r.json
2026-01-16 01:31:20,858 [trainer.py] => dataset: imagenet-r
2026-01-16 01:31:20,859 [trainer.py] => shuffle: True
2026-01-16 01:31:20,859 [trainer.py] => init_cls: 10
2026-01-16 01:31:20,859 [trainer.py] => increment: 10
2026-01-16 01:31:20,859 [trainer.py] => device: [device(type='cuda', index=0)]
2026-01-16 01:31:20,863 [trainer.py] => sim: 1
2026-01-16 01:31:20,864 [trainer.py] => epochs: 31
2026-01-16 01:31:20,864 [trainer.py] => lr: 0.01
2026-01-16 01:31:20,864 [trainer.py] => FB_epoch: 51
2026-01-16 01:31:20,868 [trainer.py] => FB_epoch_inc: 31
2026-01-16 01:31:20,868 [trainer.py] => FB_lr_init: 0.0008
2026-01-16 01:31:20,868 [trainer.py] => FB_lr_inc: 0.0008
2026-01-16 01:31:20,868 [trainer.py] => pool: 10
2026-01-16 01:31:20,869 [trainer.py] => sg_num: 1
2026-01-16 01:31:20,869 [trainer.py] => gamma: 0.1
2026-01-16 01:31:20,869 [trainer.py] => milestones: [30, 40, 50]
2026-01-16 01:31:20,869 [trainer.py] => prefix: continual-CLIP-INR
2026-01-16 01:31:20,869 [trainer.py] => model_name: combined_learner
2026-01-16 01:31:20,869 [trainer.py] => model_size: ViT-B/16
2026-01-16 01:31:20,869 [trainer.py] => convnet_type: none
2026-01-16 01:31:20,869 [trainer.py] => seed: 1993
2026-01-16 01:31:20,869 [trainer.py] => batch_size: 64
2026-01-16 01:31:20,869 [trainer.py] => num_workers: 8
2026-01-16 01:31:20,869 [trainer.py] => model_type: clip
2026-01-16 01:31:20,870 [trainer.py] => division_power: 5
2026-01-16 01:31:20,870 [trainer.py] => linear_model: ['linear', 'bn', 'linear']
2026-01-16 01:31:20,870 [trainer.py] => score_model: ['bn', 'linear']
2026-01-16 01:31:20,870 [trainer.py] => regularizer: mahalanobis
2026-01-16 01:31:20,870 [trainer.py] => print_freq: 10
2026-01-16 01:31:20,870 [trainer.py] => memory_size: 0
2026-01-16 01:31:20,870 [trainer.py] => k: 10
2026-01-16 01:31:20,870 [trainer.py] => sim_coeff: 1.0
2026-01-16 01:31:20,870 [trainer.py] => sparse_coeff: 0.001
2026-01-16 01:31:20,871 [trainer.py] => repeat: False
2026-01-16 01:31:20,871 [trainer.py] => interpolation_ratio: 0.3
2026-01-16 01:31:20,871 [trainer.py] => num_archetypes: 4
2026-01-16 01:31:20,871 [trainer.py] => augment: 0
